<?xml version="1.0" encoding="UTF-8"?>
<!-- Generated by org.testng.reporters.JUnitXMLReporter -->
<testsuite hostname="AMANGUP02" ignored="0" name="Test" tests="4" failures="0" timestamp="22 Oct 2018 12:07:34 GMT" time="0.06" errors="0">
  <testcase name="PostAutomation" time="0.015" classname="qaclickacedemy.RestAPITest"/>
  <testcase name="PutAutomation" time="0.001" classname="qaclickacedemy.RestAPITest"/>
  <testcase name="BrowserAutomation" time="0.001" classname="qaclickacedemy.SeleniumTest"/>
  <testcase name="UIAutomation" time="0.001" classname="qaclickacedemy.SeleniumTest"/>
</testsuite> <!-- Test -->
