<?xml version="1.0" encoding="UTF-8"?>
<testng-results skipped="0" failed="0" ignored="0" total="2" passed="2">
  <reporter-output>
  </reporter-output>
  <suite name="Surefire suite" duration-ms="55" started-at="2018-10-22T12:13:51Z" finished-at="2018-10-22T12:13:51Z">
    <groups>
    </groups>
    <test name="Surefire test" duration-ms="55" started-at="2018-10-22T12:13:51Z" finished-at="2018-10-22T12:13:51Z">
      <class name="qaclickacedemy.AppiumTest">
        <test-method status="PASS" signature="AndroidAutomation()[pri:0, instance:qaclickacedemy.AppiumTest@2cb4c3ab]" name="AndroidAutomation" duration-ms="10" started-at="2018-10-22T12:13:51Z" finished-at="2018-10-22T12:13:51Z">
          <reporter-output>
          </reporter-output>
        </test-method> <!-- AndroidAutomation -->
        <test-method status="PASS" signature="IOSAutomation()[pri:0, instance:qaclickacedemy.AppiumTest@2cb4c3ab]" name="IOSAutomation" duration-ms="0" started-at="2018-10-22T12:13:51Z" finished-at="2018-10-22T12:13:51Z">
          <reporter-output>
          </reporter-output>
        </test-method> <!-- IOSAutomation -->
      </class> <!-- qaclickacedemy.AppiumTest -->
    </test> <!-- Surefire test -->
  </suite> <!-- Surefire suite -->
</testng-results>
